# JRE version: OpenJDK Runtime Environment (7.0_55-b14) (build 1.7.0_55-b14)
# Java VM: OpenJDK Server VM (24.51-b03 mixed mode linux-x86 )
Heap
 PSYoungGen      total 225280K, used 0K [0xa32c0000, 0xb3000000, 0xb32c0000)
  eden space 190720K, 0% used [0xa32c0000,0xa32c0000,0xaed00000)
  from space 34560K, 0% used [0xb0e00000,0xb0e00000,0xb2fc0000)
  to   space 33792K, 0% used [0xaed00000,0xaed00000,0xb0e00000)
 ParOldGen       total 103424K, used 103254K [0x832c0000, 0x897c0000, 0xa32c0000)
  object space 103424K, 99% used [0x832c0000,0x89795968,0x897c0000)
 PSPermGen       total 48384K, used 42557K [0x732c0000, 0x76200000, 0x832c0000)
  object space 48384K, 87% used [0x732c0000,0x75c4f510,0x76200000)
GC Heap History (10 events):
Event: 205,469 GC heap after
Heap after GC invocations=36 (full 2):
 PSYoungGen      total 219648K, used 12032K [0xa32c0000, 0xb32c0000, 0xb32c0000)
  eden space 180992K, 0% used [0xa32c0000,0xa32c0000,0xae380000)
  from space 38656K, 31% used [0xb0880000,0xb1440340,0xb2e40000)
  to   space 37888K, 0% used [0xae380000,0xae380000,0xb0880000)
 ParOldGen       total 103424K, used 68876K [0x832c0000, 0x897c0000, 0xa32c0000)
  object space 103424K, 66% used [0x832c0000,0x87603118,0x897c0000)
 PSPermGen       total 48384K, used 38611K [0x732c0000, 0x76200000, 0x832c0000)
  object space 48384K, 79% used [0x732c0000,0x75874da8,0x76200000)
}
Event: 207,344 GC heap before
{Heap before GC invocations=37 (full 2):
 PSYoungGen      total 219648K, used 190242K [0xa32c0000, 0xb32c0000, 0xb32c0000)
  eden space 180992K, 98% used [0xa32c0000,0xae0c8598,0xae380000)
  from space 38656K, 31% used [0xb0880000,0xb1440340,0xb2e40000)
  to   space 37888K, 0% used [0xae380000,0xae380000,0xb0880000)
 ParOldGen       total 103424K, used 68876K [0x832c0000, 0x897c0000, 0xa32c0000)
  object space 103424K, 66% used [0x832c0000,0x87603118,0x897c0000)
 PSPermGen       total 48384K, used 39323K [0x732c0000, 0x76200000, 0x832c0000)
  object space 48384K, 81% used [0x732c0000,0x75926cc8,0x76200000)
Event: 207,399 GC heap after
Heap after GC invocations=37 (full 2):
 PSYoungGen      total 218880K, used 15300K [0xa32c0000, 0xb2f00000, 0xb32c0000)
  eden space 180992K, 0% used [0xa32c0000,0xa32c0000,0xae380000)
  from space 37888K, 40% used [0xae380000,0xaf271298,0xb0880000)
  to   space 36352K, 0% used [0xb0b80000,0xb0b80000,0xb2f00000)
 ParOldGen       total 103424K, used 70497K [0x832c0000, 0x897c0000, 0xa32c0000)
  object space 103424K, 68% used [0x832c0000,0x87798640,0x897c0000)
 PSPermGen       total 48384K, used 39323K [0x732c0000, 0x76200000, 0x832c0000)
  object space 48384K, 81% used [0x732c0000,0x75926cc8,0x76200000)
}
Event: 209,763 GC heap before
{Heap before GC invocations=38 (full 2):
 PSYoungGen      total 218880K, used 196292K [0xa32c0000, 0xb2f00000, 0xb32c0000)
  eden space 180992K, 100% used [0xa32c0000,0xae380000,0xae380000)
  from space 37888K, 40% used [0xae380000,0xaf271298,0xb0880000)
  to   space 36352K, 0% used [0xb0b80000,0xb0b80000,0xb2f00000)
 ParOldGen       total 103424K, used 70497K [0x832c0000, 0x897c0000, 0xa32c0000)
  object space 103424K, 68% used [0x832c0000,0x87798640,0x897c0000)
 PSPermGen       total 48384K, used 40365K [0x732c0000, 0x76200000, 0x832c0000)
  object space 48384K, 83% used [0x732c0000,0x75a2b7a0,0x76200000)
Event: 209,806 GC heap after
Heap after GC invocations=38 (full 2):
 PSYoungGen      total 222464K, used 21532K [0xa32c0000, 0xb3040000, 0xb32c0000)
  eden space 186112K, 0% used [0xa32c0000,0xa32c0000,0xae880000)
  from space 36352K, 59% used [0xb0b80000,0xb2087138,0xb2f00000)
  to   space 35840K, 0% used [0xae880000,0xae880000,0xb0b80000)
 ParOldGen       total 103424K, used 70796K [0x832c0000, 0x897c0000, 0xa32c0000)
  object space 103424K, 68% used [0x832c0000,0x877e31f0,0x897c0000)
 PSPermGen       total 48384K, used 40365K [0x732c0000, 0x76200000, 0x832c0000)
  object space 48384K, 83% used [0x732c0000,0x75a2b7a0,0x76200000)
}
Event: 212,081 GC heap before
{Heap before GC invocations=39 (full 2):
 PSYoungGen      total 222464K, used 207644K [0xa32c0000, 0xb3040000, 0xb32c0000)
  eden space 186112K, 100% used [0xa32c0000,0xae880000,0xae880000)
  from space 36352K, 59% used [0xb0b80000,0xb2087138,0xb2f00000)
  to   space 35840K, 0% used [0xae880000,0xae880000,0xb0b80000)
 ParOldGen       total 103424K, used 70796K [0x832c0000, 0x897c0000, 0xa32c0000)
  object space 103424K, 68% used [0x832c0000,0x877e31f0,0x897c0000)
 PSPermGen       total 48384K, used 41294K [0x732c0000, 0x76200000, 0x832c0000)
  object space 48384K, 85% used [0x732c0000,0x75b139a0,0x76200000)
Event: 212,127 GC heap after
Heap after GC invocations=39 (full 2):
 PSYoungGen      total 221952K, used 16271K [0xa32c0000, 0xb2fc0000, 0xb32c0000)
  eden space 186112K, 0% used [0xa32c0000,0xa32c0000,0xae880000)
  from space 35840K, 45% used [0xae880000,0xaf863ec0,0xb0b80000)
  to   space 34560K, 0% used [0xb0e00000,0xb0e00000,0xb2fc0000)
 ParOldGen       total 103424K, used 79924K [0x832c0000, 0x897c0000, 0xa32c0000)
  object space 103424K, 77% used [0x832c0000,0x880cd3c0,0x897c0000)
 PSPermGen       total 48384K, used 41294K [0x732c0000, 0x76200000, 0x832c0000)
  object space 48384K, 85% used [0x732c0000,0x75b139a0,0x76200000)
}
Event: 214,428 GC heap before
{Heap before GC invocations=40 (full 2):
 PSYoungGen      total 221952K, used 202383K [0xa32c0000, 0xb2fc0000, 0xb32c0000)
  eden space 186112K, 100% used [0xa32c0000,0xae880000,0xae880000)
  from space 35840K, 45% used [0xae880000,0xaf863ec0,0xb0b80000)
  to   space 34560K, 0% used [0xb0e00000,0xb0e00000,0xb2fc0000)
 ParOldGen       total 103424K, used 79924K [0x832c0000, 0x897c0000, 0xa32c0000)
  object space 103424K, 77% used [0x832c0000,0x880cd3c0,0x897c0000)
 PSPermGen       total 48384K, used 42564K [0x732c0000, 0x76200000, 0x832c0000)
  object space 48384K, 87% used [0x732c0000,0x75c51078,0x76200000)
Event: 214,476 GC heap after
Heap after GC invocations=40 (full 2):
 PSYoungGen      total 225280K, used 12877K [0xa32c0000, 0xb3000000, 0xb32c0000)
  eden space 190720K, 0% used [0xa32c0000,0xa32c0000,0xaed00000)
  from space 34560K, 37% used [0xb0e00000,0xb1a93750,0xb2fc0000)
  to   space 33792K, 0% used [0xaed00000,0xaed00000,0xb0e00000)
 ParOldGen       total 103424K, used 91574K [0x832c0000, 0x897c0000, 0xa32c0000)
  object space 103424K, 88% used [0x832c0000,0x88c2db00,0x897c0000)
 PSPermGen       total 48384K, used 42564K [0x732c0000, 0x76200000, 0x832c0000)
  object space 48384K, 87% used [0x732c0000,0x75c51078,0x76200000)
}
Event: 214,476 GC heap before
{Heap before GC invocations=41 (full 3):
 PSYoungGen      total 225280K, used 12877K [0xa32c0000, 0xb3000000, 0xb32c0000)
  eden space 190720K, 0% used [0xa32c0000,0xa32c0000,0xaed00000)
  from space 34560K, 37% used [0xb0e00000,0xb1a93750,0xb2fc0000)
  to   space 33792K, 0% used [0xaed00000,0xaed00000,0xb0e00000)
 ParOldGen       total 103424K, used 91574K [0x832c0000, 0x897c0000, 0xa32c0000)
  object space 103424K, 88% used [0x832c0000,0x88c2db00,0x897c0000)
 PSPermGen       total 48384K, used 42564K [0x732c0000, 0x76200000, 0x832c0000)
  object space 48384K, 87% used [0x732c0000,0x75c51078,0x76200000)

