# JRE version: OpenJDK Runtime Environment (7.0_55-b14) (build 1.7.0_55-b14)
# Java VM: OpenJDK Server VM (24.51-b03 mixed mode linux-x86 )
Heap
 PSYoungGen      total 243456K, used 1196K [0xa3340000, 0xb3340000, 0xb3340000)
  eden space 225280K, 0% used [0xa3340000,0xa3340000,0xb0f40000)
  from space 18176K, 6% used [0xb2180000,0xb22ab3d8,0xb3340000)
  to   space 18432K, 0% used [0xb0f40000,0xb0f40000,0xb2140000)
 ParOldGen       total 121344K, used 121228K [0x83340000, 0x8a9c0000, 0xa3340000)
  object space 121344K, 99% used [0x83340000,0x8a9a3348,0x8a9c0000)
 PSPermGen       total 55040K, used 49791K [0x73340000, 0x76900000, 0x83340000)
  object space 55040K, 90% used [0x73340000,0x763dfe78,0x76900000)
GC Heap History (10 events):
Event: 250,294 GC heap after
Heap after GC invocations=27 (full 3):
 PSYoungGen      total 240640K, used 13305K [0xa3340000, 0xb3340000, 0xb3340000)
  eden space 227328K, 0% used [0xa3340000,0xa3340000,0xb1140000)
  from space 13312K, 99% used [0xb2640000,0xb333e478,0xb3340000)
  to   space 17408K, 0% used [0xb1140000,0xb1140000,0xb2240000)
 ParOldGen       total 121344K, used 75603K [0x83340000, 0x8a9c0000, 0xa3340000)
  object space 121344K, 62% used [0x83340000,0x87d14cd0,0x8a9c0000)
 PSPermGen       total 55040K, used 42429K [0x73340000, 0x76900000, 0x83340000)
  object space 55040K, 77% used [0x73340000,0x75caf5e0,0x76900000)
}
Event: 251,801 GC heap before
{Heap before GC invocations=28 (full 3):
 PSYoungGen      total 240640K, used 240633K [0xa3340000, 0xb3340000, 0xb3340000)
  eden space 227328K, 100% used [0xa3340000,0xb1140000,0xb1140000)
  from space 13312K, 99% used [0xb2640000,0xb333e478,0xb3340000)
  to   space 17408K, 0% used [0xb1140000,0xb1140000,0xb2240000)
 ParOldGen       total 121344K, used 75603K [0x83340000, 0x8a9c0000, 0xa3340000)
  object space 121344K, 62% used [0x83340000,0x87d14cd0,0x8a9c0000)
 PSPermGen       total 55040K, used 43275K [0x73340000, 0x76900000, 0x83340000)
  object space 55040K, 78% used [0x73340000,0x75d82ca8,0x76900000)
Event: 251,849 GC heap after
Heap after GC invocations=28 (full 3):
 PSYoungGen      total 238336K, used 10988K [0xa3340000, 0xb3340000, 0xb3340000)
  eden space 227328K, 0% used [0xa3340000,0xa3340000,0xb1140000)
  from space 11008K, 99% used [0xb1140000,0xb1bfb1a8,0xb1c00000)
  to   space 17920K, 0% used [0xb21c0000,0xb21c0000,0xb3340000)
 ParOldGen       total 121344K, used 85463K [0x83340000, 0x8a9c0000, 0xa3340000)
  object space 121344K, 70% used [0x83340000,0x886b5de0,0x8a9c0000)
 PSPermGen       total 55040K, used 43275K [0x73340000, 0x76900000, 0x83340000)
  object space 55040K, 78% used [0x73340000,0x75d82ca8,0x76900000)
}
Event: 255,062 GC heap before
{Heap before GC invocations=29 (full 3):
 PSYoungGen      total 238336K, used 238316K [0xa3340000, 0xb3340000, 0xb3340000)
  eden space 227328K, 100% used [0xa3340000,0xb1140000,0xb1140000)
  from space 11008K, 99% used [0xb1140000,0xb1bfb1a8,0xb1c00000)
  to   space 17920K, 0% used [0xb21c0000,0xb21c0000,0xb3340000)
 ParOldGen       total 121344K, used 85463K [0x83340000, 0x8a9c0000, 0xa3340000)
  object space 121344K, 70% used [0x83340000,0x886b5de0,0x8a9c0000)
 PSPermGen       total 55040K, used 45010K [0x73340000, 0x76900000, 0x83340000)
  object space 55040K, 81% used [0x73340000,0x75f34a80,0x76900000)
Event: 255,101 GC heap after
Heap after GC invocations=29 (full 3):
 PSYoungGen      total 244992K, used 8568K [0xa3340000, 0xb3340000, 0xb3340000)
  eden space 227072K, 0% used [0xa3340000,0xa3340000,0xb1100000)
  from space 17920K, 47% used [0xb21c0000,0xb2a1e080,0xb3340000)
  to   space 17152K, 0% used [0xb1100000,0xb1100000,0xb21c0000)
 ParOldGen       total 121344K, used 95507K [0x83340000, 0x8a9c0000, 0xa3340000)
  object space 121344K, 78% used [0x83340000,0x89084cb0,0x8a9c0000)
 PSPermGen       total 55040K, used 45010K [0x73340000, 0x76900000, 0x83340000)
  object space 55040K, 81% used [0x73340000,0x75f34a80,0x76900000)
}
Event: 257,921 GC heap before
{Heap before GC invocations=30 (full 3):
 PSYoungGen      total 244992K, used 235640K [0xa3340000, 0xb3340000, 0xb3340000)
  eden space 227072K, 100% used [0xa3340000,0xb1100000,0xb1100000)
  from space 17920K, 47% used [0xb21c0000,0xb2a1e080,0xb3340000)
  to   space 17152K, 0% used [0xb1100000,0xb1100000,0xb21c0000)
 ParOldGen       total 121344K, used 95507K [0x83340000, 0x8a9c0000, 0xa3340000)
  object space 121344K, 78% used [0x83340000,0x89084cb0,0x8a9c0000)
 PSPermGen       total 55040K, used 47344K [0x73340000, 0x76900000, 0x83340000)
  object space 55040K, 86% used [0x73340000,0x7617c188,0x76900000)
Event: 257,945 GC heap after
Heap after GC invocations=30 (full 3):
 PSYoungGen      total 240128K, used 12906K [0xa3340000, 0xb3340000, 0xb3340000)
  eden space 227072K, 0% used [0xa3340000,0xa3340000,0xb1100000)
  from space 13056K, 98% used [0xb1100000,0xb1d9a9d0,0xb1dc0000)
  to   space 18176K, 0% used [0xb2180000,0xb2180000,0xb3340000)
 ParOldGen       total 121344K, used 102726K [0x83340000, 0x8a9c0000, 0xa3340000)
  object space 121344K, 84% used [0x83340000,0x897918f0,0x8a9c0000)
 PSPermGen       total 55040K, used 47344K [0x73340000, 0x76900000, 0x83340000)
  object space 55040K, 86% used [0x73340000,0x7617c188,0x76900000)
}
Event: 261,508 GC heap before
{Heap before GC invocations=31 (full 3):
 PSYoungGen      total 240128K, used 239978K [0xa3340000, 0xb3340000, 0xb3340000)
  eden space 227072K, 100% used [0xa3340000,0xb1100000,0xb1100000)
  from space 13056K, 98% used [0xb1100000,0xb1d9a9d0,0xb1dc0000)
  to   space 18176K, 0% used [0xb2180000,0xb2180000,0xb3340000)
 ParOldGen       total 121344K, used 102726K [0x83340000, 0x8a9c0000, 0xa3340000)
  object space 121344K, 84% used [0x83340000,0x897918f0,0x8a9c0000)
 PSPermGen       total 55040K, used 49796K [0x73340000, 0x76900000, 0x83340000)
  object space 55040K, 90% used [0x73340000,0x763e1168,0x76900000)
Event: 261,534 GC heap after
Heap after GC invocations=31 (full 3):
 PSYoungGen      total 243456K, used 11768K [0xa3340000, 0xb3340000, 0xb3340000)
  eden space 225280K, 0% used [0xa3340000,0xa3340000,0xb0f40000)
  from space 18176K, 64% used [0xb2180000,0xb2cfe3b0,0xb3340000)
  to   space 18432K, 0% used [0xb0f40000,0xb0f40000,0xb2140000)
 ParOldGen       total 121344K, used 114974K [0x83340000, 0x8a9c0000, 0xa3340000)
  object space 121344K, 94% used [0x83340000,0x8a387840,0x8a9c0000)
 PSPermGen       total 55040K, used 49796K [0x73340000, 0x76900000, 0x83340000)
  object space 55040K, 90% used [0x73340000,0x763e1168,0x76900000)
}
Event: 261,534 GC heap before
{Heap before GC invocations=32 (full 4):
 PSYoungGen      total 243456K, used 11768K [0xa3340000, 0xb3340000, 0xb3340000)
  eden space 225280K, 0% used [0xa3340000,0xa3340000,0xb0f40000)
  from space 18176K, 64% used [0xb2180000,0xb2cfe3b0,0xb3340000)
  to   space 18432K, 0% used [0xb0f40000,0xb0f40000,0xb2140000)
 ParOldGen       total 121344K, used 114974K [0x83340000, 0x8a9c0000, 0xa3340000)
  object space 121344K, 94% used [0x83340000,0x8a387840,0x8a9c0000)
 PSPermGen       total 55040K, used 49796K [0x73340000, 0x76900000, 0x83340000)
  object space 55040K, 90% used [0x73340000,0x763e1168,0x76900000)

